[28.01.2020 11:28:55] 
[28.01.2020 11:29:51] 
[28.01.2020 11:30:43] Kreiran doktor Milan
[28.01.2020 11:33:26] Kreiran doktor Milan
[28.01.2020 11:33:26] Kreiran pacijent Dragan
[28.01.2020 11:43:26] Kreiran doktor Milan
[28.01.2020 11:43:26] Kreiran pacijent Dragan
[28.01.2020 11:43:26] Dragan bira doktora Milan
[28.01.2020 11:44:19] Kreiran doktor Milan
[28.01.2020 11:44:19] Kreiran pacijent Dragan
[28.01.2020 11:44:19] Dragan bira doktora Milan
[28.01.2020 11:59:54] Kreiran doktor Milan
[28.01.2020 11:59:54] Kreiran pacijent Dragan
[28.01.2020 11:59:54] Dragan bira doktora Milan
[28.01.2020 12:02:28] Kreiran doktor Milan
[28.01.2020 12:02:28] Kreiran pacijent Dragan
[28.01.2020 12:02:28] Dragan bira doktora Milan
[28.01.2020 12:06:55] Kreiran doktor Milan
[28.01.2020 12:06:55] Kreiran pacijent Dragan
[28.01.2020 12:06:55] Dragan bira doktora Milan
[28.01.2020 12:08:32] Kreiran doktor Milan
[28.01.2020 12:08:32] Kreiran pacijent Dragan
[28.01.2020 12:08:32] Dragan bira doktora Milan
[28.01.2020 12:09:52] Kreiran doktor Milan
[28.01.2020 12:09:52] Kreiran pacijent Dragan
[28.01.2020 12:09:52] Dragan bira doktora Milan
[28.01.2020 12:09:52] Dragan obavlja laboratorijski pregled Secer u krvi
[28.01.2020 12:19:54] Kreiran doktor Milan
[28.01.2020 12:20:24] Kreiran doktor Milan
[28.01.2020 12:20:24] Kreiran pacijent Dragan
[28.01.2020 12:22:29] Kreiran doktor Milan
[28.01.2020 12:22:29] Kreiran pacijent Dragan
[28.01.2020 12:23:39] Kreiran doktor Milan
[28.01.2020 12:23:39] Kreiran pacijent Dragan
[28.01.2020 12:23:49] Kreiran doktor Milan
[28.01.2020 12:23:49] Kreiran pacijent Dragan
[28.01.2020 12:25:26] Kreiran doktor Milan
[28.01.2020 12:25:26] Kreiran pacijent Dragan
[28.01.2020 12:26:32] Kreiran doktor Milan
[28.01.2020 12:26:32] Kreiran pacijent Dragan
[28.01.2020 12:28:04] Kreiran doktor Milan
[28.01.2020 12:28:04] Kreiran pacijent Dragan
[28.01.2020 12:28:12] Kreiran doktor Milan
[28.01.2020 12:28:12] Kreiran pacijent Dragan
[28.01.2020 12:29:02] Kreiran doktor Milan
[28.01.2020 12:29:02] Kreiran pacijent Dragan
[28.01.2020 12:30:25] Kreiran doktor Milan
[28.01.2020 12:30:25] Kreiran pacijent Dragan
[28.01.2020 12:30:43] Kreiran doktor Milan
[28.01.2020 12:30:43] Kreiran pacijent Dragan
[28.01.2020 12:31:11] Kreiran doktor Milan
[28.01.2020 12:31:11] Kreiran pacijent Dragan
[28.01.2020 12:32:01] Kreiran doktor Milan
[28.01.2020 12:32:01] Kreiran pacijent Dragan
[28.01.2020 12:32:23] Kreiran doktor Milan
[28.01.2020 12:32:23] Kreiran pacijent Dragan
[28.01.2020 12:32:43] Kreiran doktor Milan
[28.01.2020 12:32:43] Kreiran pacijent Dragan
[28.01.2020 12:33:11] Kreiran doktor Milan
[28.01.2020 12:33:11] Kreiran pacijent Dragan
[28.01.2020 12:33:18] Kreiran doktor Milan
[28.01.2020 12:33:18] Kreiran pacijent Dragan
[28.01.2020 12:41:49] Kreiran doktor Milan
[28.01.2020 12:41:49] Kreiran pacijent Dragan
[28.01.2020 12:43:45] Kreiran doktor Milan
[28.01.2020 12:43:45] Kreiran pacijent Dragan
[28.01.2020 12:46:12] Kreiran doktor Milan
[28.01.2020 12:46:12] Kreiran pacijent Dragan
[28.01.2020 12:46:12] Dragan bira doktora Milan
[28.01.2020 12:46:12] Dragan obavlja laboratorijski pregled Secer u krvi
[28.01.2020 12:54:20] Kreiran doktor Milan
[28.01.2020 12:54:20] Kreiran pacijent Dragan
[28.01.2020 12:54:20] Dragan bira doktora Milan
[28.01.2020 12:54:20] Dragan obavlja laboratorijski pregled Secer u krvi
[28.01.2020 12:55:01] Kreiran doktor Marko
[28.01.2020 12:55:01] Kreiran pacijent Dragan
[28.01.2020 12:55:01] Dragan bira doktora Marko
[28.01.2020 12:55:01] Dragan obavlja laboratorijski pregled Secer u krvi
[28.01.2020 12:59:43] Kreiran doktor Marko
[28.01.2020 12:59:43] Kreiran pacijent Dragan
[28.01.2020 12:59:43] Dragan bira doktora Marko
[28.01.2020 12:59:43] Dragan obavlja laboratorijski pregled Secer u krvi
